#! /c/Source/iverilog-install/bin/vvp
:ivl_version "12.0 (devel)" "(s20150603-1539-g2693dd32b)";
:ivl_delay_selection "TYPICAL";
:vpi_time_precision + 0;
:vpi_module "C:\iverilog\lib\ivl\system.vpi";
:vpi_module "C:\iverilog\lib\ivl\vhdl_sys.vpi";
:vpi_module "C:\iverilog\lib\ivl\vhdl_textio.vpi";
:vpi_module "C:\iverilog\lib\ivl\v2005_math.vpi";
:vpi_module "C:\iverilog\lib\ivl\va_math.vpi";
S_00000248d1a85da0 .scope module, "tb_serial_to_parallel" "tb_serial_to_parallel" 2 1;
 .timescale 0 0;
v00000248d1a860c0_0 .var "clk", 0 0;
v00000248d1a86160_0 .net "parallel_out", 7 0, v00000248d1a52b20_0;  1 drivers
v00000248d1acf850_0 .var "reset", 0 0;
v00000248d1acf8f0_0 .var "serial_in", 0 0;
S_00000248d1a85f30 .scope module, "uut" "serial_to_parallel" 2 8, 3 1 0, S_00000248d1a85da0;
 .timescale 0 0;
    .port_info 0 /INPUT 1 "clk";
    .port_info 1 /INPUT 1 "reset";
    .port_info 2 /INPUT 1 "serial_in";
    .port_info 3 /OUTPUT 8 "parallel_out";
v00000248d1a52d80_0 .net "clk", 0 0, v00000248d1a860c0_0;  1 drivers
v00000248d1a52b20_0 .var "parallel_out", 7 0;
v00000248d1b7be30_0 .net "reset", 0 0, v00000248d1acf850_0;  1 drivers
v00000248d1b7ad10_0 .net "serial_in", 0 0, v00000248d1acf8f0_0;  1 drivers
E_00000248d1b7bbb0 .event posedge, v00000248d1b7be30_0, v00000248d1a52d80_0;
    .scope S_00000248d1a85f30;
T_0 ;
    %wait E_00000248d1b7bbb0;
    %load/vec4 v00000248d1b7be30_0;
    %flag_set/vec4 8;
    %jmp/0xz  T_0.0, 8;
    %pushi/vec4 0, 0, 8;
    %assign/vec4 v00000248d1a52b20_0, 0;
    %jmp T_0.1;
T_0.0 ;
    %load/vec4 v00000248d1a52b20_0;
    %parti/s 7, 0, 2;
    %load/vec4 v00000248d1b7ad10_0;
    %concat/vec4; draw_concat_vec4
    %assign/vec4 v00000248d1a52b20_0, 0;
T_0.1 ;
    %jmp T_0;
    .thread T_0;
    .scope S_00000248d1a85da0;
T_1 ;
    %delay 5, 0;
    %load/vec4 v00000248d1a860c0_0;
    %inv;
    %store/vec4 v00000248d1a860c0_0, 0, 1;
    %jmp T_1;
    .thread T_1;
    .scope S_00000248d1a85da0;
T_2 ;
    %vpi_call 2 20 "$dumpfile", "waves.vcd" {0 0 0};
    %vpi_call 2 21 "$dumpvars", 32'sb00000000000000000000000000000000, S_00000248d1a85da0 {0 0 0};
    %pushi/vec4 0, 0, 1;
    %store/vec4 v00000248d1a860c0_0, 0, 1;
    %pushi/vec4 1, 0, 1;
    %store/vec4 v00000248d1acf850_0, 0, 1;
    %pushi/vec4 0, 0, 1;
    %store/vec4 v00000248d1acf8f0_0, 0, 1;
    %delay 10, 0;
    %pushi/vec4 0, 0, 1;
    %store/vec4 v00000248d1acf850_0, 0, 1;
    %pushi/vec4 1, 0, 1;
    %store/vec4 v00000248d1acf8f0_0, 0, 1;
    %delay 10, 0;
    %pushi/vec4 0, 0, 1;
    %store/vec4 v00000248d1acf8f0_0, 0, 1;
    %delay 10, 0;
    %pushi/vec4 1, 0, 1;
    %store/vec4 v00000248d1acf8f0_0, 0, 1;
    %delay 10, 0;
    %pushi/vec4 1, 0, 1;
    %store/vec4 v00000248d1acf8f0_0, 0, 1;
    %delay 10, 0;
    %pushi/vec4 0, 0, 1;
    %store/vec4 v00000248d1acf8f0_0, 0, 1;
    %delay 10, 0;
    %pushi/vec4 1, 0, 1;
    %store/vec4 v00000248d1acf8f0_0, 0, 1;
    %delay 10, 0;
    %pushi/vec4 0, 0, 1;
    %store/vec4 v00000248d1acf8f0_0, 0, 1;
    %delay 10, 0;
    %pushi/vec4 1, 0, 1;
    %store/vec4 v00000248d1acf8f0_0, 0, 1;
    %delay 10, 0;
    %delay 50, 0;
    %vpi_call 2 40 "$finish" {0 0 0};
    %end;
    .thread T_2;
# The file index is used to find the file name in the following table.
:file_names 4;
    "N/A";
    "<interactive>";
    "tb_serial_to_parallel.v";
    "serial_to_parallel.v";
